vite v8.0.13 building client environment for production...
[plugin @laravel/vite-plugin-wayfinder] Types generated for actions, routes, form variants
[2Ktransforming...✓ 2274 modules transformed.
rendering chunks...
✗ Build failed in 2.62s
error during build:
Build failed with 1 error:

[31m[MISSING_EXPORT] [0m"dashboard" is not exported by "resources/js/routes/index.ts".
   [38;5;246m╭[0m[38;5;246m─[0m[38;5;246m[[0m resources/js/pages/Welcome.vue?vue&type=script&setup=true&lang.ts:7:10 [38;5;246m][0m
   [38;5;246m│[0m
 [38;5;246m7 │[0m [38;5;249mi[0m[38;5;249mm[0m[38;5;249mp[0m[38;5;249mo[0m[38;5;249mr[0m[38;5;249mt[0m[38;5;249m [0m[38;5;249m{[0m[38;5;249m [0mdashboard[38;5;249m,[0m[38;5;249m [0m[38;5;249ml[0m[38;5;249mo[0m[38;5;249mg[0m[38;5;249mi[0m[38;5;249mn[0m[38;5;249m,[0m[38;5;249m [0m[38;5;249mr[0m[38;5;249me[0m[38;5;249mg[0m[38;5;249mi[0m[38;5;249ms[0m[38;5;249mt[0m[38;5;249me[0m[38;5;249mr[0m[38;5;249m [0m[38;5;249m}[0m[38;5;249m [0m[38;5;249mf[0m[38;5;249mr[0m[38;5;249mo[0m[38;5;249mm[0m[38;5;249m [0m[38;5;249m"[0m[38;5;249m@[0m[38;5;249m/[0m[38;5;249mr[0m[38;5;249mo[0m[38;5;249mu[0m[38;5;249mt[0m[38;5;249me[0m[38;5;249ms[0m[38;5;249m"[0m[38;5;249m;[0m
 [38;5;240m  │[0m          ────┬────  
 [38;5;240m  │[0m              ╰────── Missing export
[38;5;246m───╯[0m

    at aggregateBindingErrorsIntoJsError (file:///Users/ahmedwassef/Sites/efada/node_modules/rolldown/dist/shared/error-CkdMJ9ps.mjs:48:18)
    at unwrapBindingResult (file:///Users/ahmedwassef/Sites/efada/node_modules/rolldown/dist/shared/error-CkdMJ9ps.mjs:18:128)
    at #build (file:///Users/ahmedwassef/Sites/efada/node_modules/rolldown/dist/shared/rolldown-build-BVD3dIdE.mjs:3275:34)
    at async buildEnvironment (file:///Users/ahmedwassef/Sites/efada/node_modules/vite/dist/node/chunks/node.js:33133:64)
    at async Object.build (file:///Users/ahmedwassef/Sites/efada/node_modules/vite/dist/node/chunks/node.js:33555:19)
    at async Object.buildApp (file:///Users/ahmedwassef/Sites/efada/node_modules/vite/dist/node/chunks/node.js:33552:153)
    at async CAC.<anonymous> (file:///Users/ahmedwassef/Sites/efada/node_modules/vite/dist/node/cli.js:777:3) {
  errors: [Getter/Setter]
}
